# JRE version: OpenJDK Runtime Environment (17.0+14) (build 17-ea+14)
# Java VM: OpenJDK 64-Bit Server VM (17-ea+14, mixed mode, emulated-client, sharing, tiered, compressed oops, compressed class ptrs, g1 gc, linux-amd64)
GC Precious Log:
 CPUs: 16 total, 16 available
 Memory: 7808M
 Large Page Support: Disabled
 NUMA Support: Disabled
 Compressed Oops: Enabled (32-bit)
 Heap Region Size: 1M
 Heap Min Capacity: 8M
 Heap Initial Capacity: 124M
 Heap Max Capacity: 1954M
 Pre-touch: Disabled
 Parallel Workers: 13
 Concurrent Workers: 3
 Concurrent Refinement Workers: 13
 Periodic GC: Disabled
Heap:
 garbage-first heap   total 102400K, used 79328K [0x0000000085e00000, 0x0000000100000000)
  region size 1024K, 54 young (55296K), 8 survivors (8192K)
 Metaspace       used 58988K, committed 59520K, reserved 1105920K
  class space    used 8273K, committed 8512K, reserved 1048576K
GC Heap History (20 events):
Event: 2.177 GC heap before
{Heap before GC invocations=2 (full 0):
 garbage-first heap   total 129024K, used 81880K [0x0000000085e00000, 0x0000000100000000)
  region size 1024K, 70 young (71680K), 1 survivors (1024K)
 Metaspace       used 3827K, committed 4032K, reserved 1056768K
  class space    used 504K, committed 576K, reserved 1048576K
}
Event: 2.179 GC heap after
{Heap after GC invocations=3 (full 0):
 garbage-first heap   total 129024K, used 12121K [0x0000000085e00000, 0x0000000100000000)
  region size 1024K, 1 young (1024K), 1 survivors (1024K)
 Metaspace       used 3827K, committed 4032K, reserved 1056768K
  class space    used 504K, committed 576K, reserved 1048576K
}
Event: 5.674 GC heap before
{Heap before GC invocations=3 (full 0):
 garbage-first heap   total 129024K, used 85849K [0x0000000085e00000, 0x0000000100000000)
  region size 1024K, 74 young (75776K), 1 survivors (1024K)
 Metaspace       used 9938K, committed 10176K, reserved 1064960K
  class space    used 1376K, committed 1472K, reserved 1048576K
}
Event: 5.680 GC heap after
{Heap after GC invocations=4 (full 0):
 garbage-first heap   total 129024K, used 13613K [0x0000000085e00000, 0x0000000100000000)
  region size 1024K, 2 young (2048K), 2 survivors (2048K)
 Metaspace       used 9938K, committed 10176K, reserved 1064960K
  class space    used 1376K, committed 1472K, reserved 1048576K
}
Event: 10.617 GC heap before
{Heap before GC invocations=4 (full 0):
 garbage-first heap   total 129024K, used 86317K [0x0000000085e00000, 0x0000000100000000)
  region size 1024K, 74 young (75776K), 2 survivors (2048K)
 Metaspace       used 18670K, committed 18944K, reserved 1073152K
  class space    used 2505K, committed 2624K, reserved 1048576K
}
Event: 10.629 GC heap after
{Heap after GC invocations=5 (full 0):
 garbage-first heap   total 129024K, used 18627K [0x0000000085e00000, 0x0000000100000000)
  region size 1024K, 7 young (7168K), 7 survivors (7168K)
 Metaspace       used 18670K, committed 18944K, reserved 1073152K
  class space    used 2505K, committed 2624K, reserved 1048576K
}
Event: 10.636 GC heap before
{Heap before GC invocations=5 (full 0):
 garbage-first heap   total 129024K, used 86211K [0x0000000085e00000, 0x0000000100000000)
  region size 1024K, 74 young (75776K), 7 survivors (7168K)
 Metaspace       used 18670K, committed 18944K, reserved 1073152K
  class space    used 2505K, committed 2624K, reserved 1048576K
}
Event: 10.642 GC heap after
{Heap after GC invocations=6 (full 0):
 garbage-first heap   total 129024K, used 19162K [0x0000000085e00000, 0x0000000100000000)
  region size 1024K, 6 young (6144K), 6 survivors (6144K)
 Metaspace       used 18670K, committed 18944K, reserved 1073152K
  class space    used 2505K, committed 2624K, reserved 1048576K
}
Event: 18.207 GC heap before
{Heap before GC invocations=6 (full 0):
 garbage-first heap   total 129024K, used 82650K [0x0000000085e00000, 0x0000000100000000)
  region size 1024K, 70 young (71680K), 6 survivors (6144K)
 Metaspace       used 21187K, committed 21504K, reserved 1073152K
  class space    used 2857K, committed 3008K, reserved 1048576K
}
Event: 18.216 GC heap after
{Heap after GC invocations=7 (full 0):
 garbage-first heap   total 129024K, used 20679K [0x0000000085e00000, 0x0000000100000000)
  region size 1024K, 7 young (7168K), 7 survivors (7168K)
 Metaspace       used 21187K, committed 21504K, reserved 1073152K
  class space    used 2857K, committed 3008K, reserved 1048576K
}
Event: 24.173 GC heap before
{Heap before GC invocations=8 (full 0):
 garbage-first heap   total 78848K, used 60615K [0x0000000085e00000, 0x0000000100000000)
  region size 1024K, 46 young (47104K), 7 survivors (7168K)
 Metaspace       used 26966K, committed 27328K, reserved 1073152K
  class space    used 3738K, committed 3904K, reserved 1048576K
}
Event: 24.187 GC heap after
{Heap after GC invocations=9 (full 0):
 garbage-first heap   total 172032K, used 23407K [0x0000000085e00000, 0x0000000100000000)
  region size 1024K, 6 young (6144K), 6 survivors (6144K)
 Metaspace       used 26966K, committed 27328K, reserved 1073152K
  class space    used 3738K, committed 3904K, reserved 1048576K
}
Event: 25.432 GC heap before
{Heap before GC invocations=9 (full 0):
 garbage-first heap   total 172032K, used 118639K [0x0000000085e00000, 0x0000000100000000)
  region size 1024K, 100 young (102400K), 6 survivors (6144K)
 Metaspace       used 30256K, committed 30656K, reserved 1081344K
  class space    used 4166K, committed 4352K, reserved 1048576K
}
Event: 25.437 GC heap after
{Heap after GC invocations=10 (full 0):
 garbage-first heap   total 172032K, used 24899K [0x0000000085e00000, 0x0000000100000000)
  region size 1024K, 7 young (7168K), 7 survivors (7168K)
 Metaspace       used 30256K, committed 30656K, reserved 1081344K
  class space    used 4166K, committed 4352K, reserved 1048576K
}
Event: 31.971 GC heap before
{Heap before GC invocations=10 (full 0):
 garbage-first heap   total 172032K, used 118083K [0x0000000085e00000, 0x0000000100000000)
  region size 1024K, 100 young (102400K), 7 survivors (7168K)
 Metaspace       used 35601K, committed 35968K, reserved 1081344K
  class space    used 4949K, committed 5120K, reserved 1048576K
}
Event: 31.981 GC heap after
{Heap after GC invocations=11 (full 0):
 garbage-first heap   total 172032K, used 26371K [0x0000000085e00000, 0x0000000100000000)
  region size 1024K, 9 young (9216K), 9 survivors (9216K)
 Metaspace       used 35601K, committed 35968K, reserved 1081344K
  class space    used 4949K, committed 5120K, reserved 1048576K
}
Event: 40.686 GC heap before
{Heap before GC invocations=12 (full 0):
 garbage-first heap   total 102400K, used 78595K [0x0000000085e00000, 0x0000000100000000)
  region size 1024K, 60 young (61440K), 9 survivors (9216K)
 Metaspace       used 45475K, committed 46016K, reserved 1089536K
  class space    used 6402K, committed 6656K, reserved 1048576K
}
Event: 40.698 GC heap after
{Heap after GC invocations=13 (full 0):
 garbage-first heap   total 102400K, used 28885K [0x0000000085e00000, 0x0000000100000000)
  region size 1024K, 6 young (6144K), 6 survivors (6144K)
 Metaspace       used 45475K, committed 46016K, reserved 1089536K
  class space    used 6402K, committed 6656K, reserved 1048576K
}
Event: 47.423 GC heap before
{Heap before GC invocations=13 (full 0):
 garbage-first heap   total 102400K, used 80085K [0x0000000085e00000, 0x0000000100000000)
  region size 1024K, 57 young (58368K), 6 survivors (6144K)
 Metaspace       used 53051K, committed 53568K, reserved 1097728K
  class space    used 7513K, committed 7808K, reserved 1048576K
}
Event: 47.430 GC heap after
{Heap after GC invocations=14 (full 0):
 garbage-first heap   total 102400K, used 33248K [0x0000000085e00000, 0x0000000100000000)
  region size 1024K, 8 young (8192K), 8 survivors (8192K)
 Metaspace       used 53051K, committed 53568K, reserved 1097728K
  class space    used 7513K, committed 7808K, reserved 1048576K
}

